2020-09-27 19:26:27.249  INFO 14052 --- [main] br.com.dbc.StartApplication              : Starting StartApplication v0.0.1-SNAPSHOT on JFELICIANO10 with PID 14052 (C:\Users\jfeliciano\Documents\workspace-spring-tool-suite-4-4.7.0.RELEASE\batch-application\target\batch-application-0.0.1-SNAPSHOT.jar started by jfeliciano in C:\Users\jfeliciano\Documents\workspace-spring-tool-suite-4-4.7.0.RELEASE\batch-application)
2020-09-27 19:26:27.254  INFO 14052 --- [main] br.com.dbc.StartApplication              : No active profile set, falling back to default profiles: default
2020-09-27 19:26:28.358  INFO 14052 --- [main] faultConfiguringBeanFactoryPostProcessor : No bean named 'errorChannel' has been explicitly defined. Therefore, a default PublishSubscribeChannel will be created.
2020-09-27 19:26:28.374  INFO 14052 --- [main] faultConfiguringBeanFactoryPostProcessor : No bean named 'taskScheduler' has been explicitly defined. Therefore, a default ThreadPoolTaskScheduler will be created.
2020-09-27 19:26:28.401  INFO 14052 --- [main] faultConfiguringBeanFactoryPostProcessor : No bean named 'integrationHeaderChannelRegistry' has been explicitly defined. Therefore, a default DefaultHeaderChannelRegistry will be created.
2020-09-27 19:26:28.558  INFO 14052 --- [main] trationDelegate$BeanPostProcessorChecker : Bean 'org.springframework.integration.config.IntegrationManagementConfiguration' of type [org.springframework.integration.config.IntegrationManagementConfiguration] is not eligible for getting processed by all BeanPostProcessors (for example: not eligible for auto-proxying)
2020-09-27 19:26:28.905  INFO 14052 --- [main] trationDelegate$BeanPostProcessorChecker : Bean 'integrationChannelResolver' of type [org.springframework.integration.support.channel.BeanFactoryChannelResolver] is not eligible for getting processed by all BeanPostProcessors (for example: not eligible for auto-proxying)
2020-09-27 19:26:28.908  INFO 14052 --- [main] trationDelegate$BeanPostProcessorChecker : Bean 'integrationDisposableAutoCreatedBeans' of type [org.springframework.integration.config.annotation.Disposables] is not eligible for getting processed by all BeanPostProcessors (for example: not eligible for auto-proxying)
2020-09-27 19:26:29.324  INFO 14052 --- [main] o.s.s.concurrent.ThreadPoolTaskExecutor  : Initializing ExecutorService 'taskExecutor'
2020-09-27 19:26:30.785  INFO 14052 --- [main] o.s.s.c.ThreadPoolTaskScheduler          : Initializing ExecutorService 'taskScheduler'
2020-09-27 19:26:31.330  INFO 14052 --- [main] o.s.i.endpoint.EventDrivenConsumer       : Adding {logging-channel-adapter:_org.springframework.integration.errorLogger} as a subscriber to the 'errorChannel' channel
2020-09-27 19:26:31.331  INFO 14052 --- [main] o.s.i.channel.PublishSubscribeChannel    : Channel 'application.errorChannel' has 1 subscriber(s).
2020-09-27 19:26:31.332  INFO 14052 --- [main] o.s.i.endpoint.EventDrivenConsumer       : started bean '_org.springframework.integration.errorLogger'
2020-09-27 19:26:31.360  INFO 14052 --- [main] br.com.dbc.StartApplication              : Started StartApplication in 4.78 seconds (JVM running for 5.433)
2020-09-27 19:26:31.365  INFO 14052 --- [main] o.s.b.a.b.JobLauncherApplicationRunner   : Running default command line with: [file=src/main/resources/batch.csv]
2020-09-27 19:28:55.695  INFO 14052 --- [SpringContextShutdownHook] o.s.i.endpoint.EventDrivenConsumer       : Removing {logging-channel-adapter:_org.springframework.integration.errorLogger} as a subscriber to the 'errorChannel' channel
2020-09-27 19:28:55.697  INFO 14052 --- [SpringContextShutdownHook] o.s.i.channel.PublishSubscribeChannel    : Channel 'application.errorChannel' has 0 subscriber(s).
2020-09-27 19:28:55.697  INFO 14052 --- [SpringContextShutdownHook] o.s.i.endpoint.EventDrivenConsumer       : stopped bean '_org.springframework.integration.errorLogger'
2020-09-27 19:28:55.697  INFO 14052 --- [SpringContextShutdownHook] o.s.s.c.ThreadPoolTaskScheduler          : Shutting down ExecutorService 'taskScheduler'
2020-09-27 19:28:55.698  INFO 14052 --- [SpringContextShutdownHook] o.s.s.concurrent.ThreadPoolTaskExecutor  : Shutting down ExecutorService 'taskExecutor'
